{"timestamp": "2026-03-31T20:49:30.874511+00:00", "level": "INFO", "logger": "app.main", "message": "Application started", "module": "main", "function": "main", "line": 18}
{"timestamp": "2026-03-31T20:50:52.961038+00:00", "level": "INFO", "logger": "app.services.password_storage_service", "message": "Password entries saved", "module": "password_storage_service", "function": "save_entries", "line": 38, "error_code": "PWD-002", "context": {"count": 1, "path": "passwords.json"}}
{"timestamp": "2026-03-31T20:50:52.972066+00:00", "level": "INFO", "logger": "app.ui.password_manager", "message": "Password entry saved", "module": "password_manager", "function": "_save_entry", "line": 275, "error_code": "UI-001", "context": {"entry_id": "f7e0226a0fef411c94ab6c54997d5aae"}}
{"timestamp": "2026-03-31T20:51:28.615377+00:00", "level": "INFO", "logger": "app.services.password_generator_service", "message": "Password generated", "module": "password_generator_service", "function": "generate", "line": 49, "error_code": "PWD-004", "context": {"length": 64, "pool_count": 4}}
{"timestamp": "2026-03-31T20:51:40.512856+00:00", "level": "INFO", "logger": "app.services.clipboard_service", "message": "Clipboard updated", "module": "clipboard_service", "function": "copy_text", "line": 17, "error_code": "CLP-001", "context": {"label": "password", "length": 10}}
{"timestamp": "2026-03-31T20:51:42.544139+00:00", "level": "INFO", "logger": "app.services.clipboard_service", "message": "Clipboard updated", "module": "clipboard_service", "function": "copy_text", "line": 17, "error_code": "CLP-001", "context": {"label": "password", "length": 10}}
{"timestamp": "2026-03-31T20:51:52.033103+00:00", "level": "INFO", "logger": "app.services.settings_service", "message": "Settings saved", "module": "settings_service", "function": "save", "line": 43, "error_code": "CFG-002", "context": {"path": "settings.json"}}
{"timestamp": "2026-03-31T20:58:56.074051+00:00", "level": "INFO", "logger": "app.main", "message": "Application started", "module": "main", "function": "main", "line": 18}
{"timestamp": "2026-03-31T20:59:48.686703+00:00", "level": "DEBUG", "logger": "PIL.PngImagePlugin", "message": "STREAM b'IHDR' 16 13", "module": "PngImagePlugin", "function": "call", "line": 204}
{"timestamp": "2026-03-31T20:59:48.686809+00:00", "level": "DEBUG", "logger": "PIL.PngImagePlugin", "message": "STREAM b'pHYs' 41 9", "module": "PngImagePlugin", "function": "call", "line": 204}
{"timestamp": "2026-03-31T20:59:48.686936+00:00", "level": "DEBUG", "logger": "PIL.PngImagePlugin", "message": "STREAM b'sRGB' 62 1", "module": "PngImagePlugin", "function": "call", "line": 204}
{"timestamp": "2026-03-31T20:59:48.687012+00:00", "level": "DEBUG", "logger": "PIL.PngImagePlugin", "message": "STREAM b'gAMA' 75 4", "module": "PngImagePlugin", "function": "call", "line": 204}
{"timestamp": "2026-03-31T20:59:48.687083+00:00", "level": "DEBUG", "logger": "PIL.PngImagePlugin", "message": "STREAM b'IDAT' 91 386085", "module": "PngImagePlugin", "function": "call", "line": 204}
{"timestamp": "2026-03-31T20:59:48.774949+00:00", "level": "INFO", "logger": "app.services.image_service", "message": "Sliced image 'C:\\Users\\user\\Desktop\\ADVERTA\\9999.png' into 16 squares.", "module": "image_service", "function": "slice_to_squares", "line": 42}
{"timestamp": "2026-03-31T21:00:55.370449+00:00", "level": "DEBUG", "logger": "PIL.PngImagePlugin", "message": "STREAM b'IHDR' 16 13", "module": "PngImagePlugin", "function": "call", "line": 204}
{"timestamp": "2026-03-31T21:00:55.370585+00:00", "level": "DEBUG", "logger": "PIL.PngImagePlugin", "message": "STREAM b'pHYs' 41 9", "module": "PngImagePlugin", "function": "call", "line": 204}
{"timestamp": "2026-03-31T21:00:55.370681+00:00", "level": "DEBUG", "logger": "PIL.PngImagePlugin", "message": "STREAM b'sRGB' 62 1", "module": "PngImagePlugin", "function": "call", "line": 204}
{"timestamp": "2026-03-31T21:00:55.370775+00:00", "level": "DEBUG", "logger": "PIL.PngImagePlugin", "message": "STREAM b'gAMA' 75 4", "module": "PngImagePlugin", "function": "call", "line": 204}
{"timestamp": "2026-03-31T21:00:55.370922+00:00", "level": "DEBUG", "logger": "PIL.PngImagePlugin", "message": "STREAM b'IDAT' 91 378208", "module": "PngImagePlugin", "function": "call", "line": 204}
{"timestamp": "2026-03-31T21:00:55.477458+00:00", "level": "INFO", "logger": "app.services.watermark_service", "message": "Applied watermark to 'C:\\Users\\user\\Desktop\\ADVERTA\\999999.png'", "module": "watermark_service", "function": "apply_watermark", "line": 51}
{"timestamp": "2026-03-31T21:03:52.008703+00:00", "level": "INFO", "logger": "app.services.metadata_service", "message": "Created tagged MP3 copy 'exports\\ильес\\ильес_edited.mp3' from 'C:\\Users\\user\\Desktop\\ADVERTA\\ильес.mp3'", "module": "metadata_service", "function": "create_tagged_copy", "line": 57}
{"timestamp": "2026-03-31T21:04:33.232655+00:00", "level": "INFO", "logger": "app.services.settings_service", "message": "Settings saved", "module": "settings_service", "function": "save", "line": 43, "error_code": "CFG-002", "context": {"path": "settings.json"}}
{"timestamp": "2026-03-31T21:09:37.330590+00:00", "level": "INFO", "logger": "app.main", "message": "Application started", "module": "main", "function": "main", "line": 18}
